c:\users\wawa\desktop\lol base\debug\vc141.pdb
c:\users\wawa\desktop\lol base\debug\vc141.idb
c:\users\wawa\desktop\lol base\debug\stdafx.obj
c:\users\wawa\desktop\lol base\debug\lol base.obj
c:\users\wawa\desktop\lol base\debug\guicon.obj
c:\users\wawa\desktop\lol base\debug\cobject.obj
c:\users\wawa\desktop\lol base\debug\orbwalker.obj
c:\users\wawa\desktop\lol base\debug\missile.obj
c:\users\wawa\desktop\lol base\debug\cspellbook.obj
c:\users\wawa\desktop\lol base\debug\buffentry.obj
c:\users\wawa\desktop\lol base\debug\buffmanager.obj
c:\users\wawa\desktop\lol base\debug\spellslot.obj
c:\users\wawa\desktop\lol base\debug\cspellentry.obj
c:\users\wawa\desktop\lol base\debug\renderer.obj
c:\users\wawa\desktop\lol base\debug\prediction.obj
c:\users\wawa\desktop\lol base\debug\aimanager.obj
c:\users\wawa\desktop\lol base\debug\dllmain.obj
c:\users\wawa\desktop\debug\lol base.dll
c:\users\wawa\desktop\debug\lol base.ilk
c:\users\wawa\desktop\debug\lol base.pdb
c:\users\wawa\desktop\lol base\debug\lol base.tlog\cl.command.1.tlog
c:\users\wawa\desktop\lol base\debug\lol base.tlog\cl.read.1.tlog
c:\users\wawa\desktop\lol base\debug\lol base.tlog\cl.write.1.tlog
c:\users\wawa\desktop\lol base\debug\lol base.tlog\link.command.1.tlog
c:\users\wawa\desktop\lol base\debug\lol base.tlog\link.read.1.tlog
c:\users\wawa\desktop\lol base\debug\lol base.tlog\link.write.1.tlog
